<?xml version="1.0" encoding="UTF-8"?>
<!-- Generated by org.testng.reporters.JUnitReportReporter -->
<testsuite hostname="E13KOLMR0008" failures="0" tests="1" name="samplemvn.extentreports.LearnExtentReports" time="1.649" errors="0" timestamp="2025-06-23T13:20:09 IST" skipped="0">
  <testcase classname="samplemvn.extentreports.LearnExtentReports" name="createReport" time="1.649"/>
</testsuite> <!-- samplemvn.extentreports.LearnExtentReports -->
