<?xml version="1.0" encoding="UTF-8"?>
<!-- Generated by org.testng.reporters.JUnitReportReporter -->
<testsuite hostname="E13KOLMR0008" failures="0" tests="1" name="samplemvn.extentreports.AddScreenshotToReport" time="16.737" errors="0" timestamp="2025-06-23T13:59:01 IST" skipped="0">
  <testcase classname="samplemvn.extentreports.AddScreenshotToReport" name="addScreenshot" time="16.737"/>
</testsuite> <!-- samplemvn.extentreports.AddScreenshotToReport -->
