<?xml version="1.0" encoding="UTF-8"?>
<!-- Generated by org.testng.reporters.JUnitReportReporter -->
<testsuite hostname="E13KOLMR0008" failures="0" tests="1" name="samplemvn.testng_bike.YamahaTest" time="25.891" errors="0" timestamp="2025-06-21T13:31:37 IST" skipped="0">
  <testcase classname="samplemvn.testng_bike.YamahaTest" name="launch" time="25.891">
    <system-out>
      <![CDATA[Yamaha launched]]>
    </system-out>
  </testcase> <!-- launch -->
  <system-out>
    <![CDATA[Ducati launched
Kawasaki launched
Suzuki launched
Yamaha launched]]>
  </system-out>
</testsuite> <!-- samplemvn.testng_bike.YamahaTest -->
