<?xml version="1.0" encoding="UTF-8"?>
<!-- Generated by org.testng.reporters.JUnitReportReporter -->
<testsuite hostname="E13KOLMR0008" failures="0" tests="1" name="samplemvn.testng_bike.KawasakiTest" time="4.138" errors="0" timestamp="2025-06-21T13:40:26 IST" skipped="0">
  <testcase classname="samplemvn.testng_bike.KawasakiTest" name="launch" time="4.138">
    <system-out>
      <![CDATA[Kawasaki launched]]>
    </system-out>
  </testcase> <!-- launch -->
  <system-out>
    <![CDATA[Ducati launched
Kawasaki launched
Suzuki launched]]>
  </system-out>
</testsuite> <!-- samplemvn.testng_bike.KawasakiTest -->
