<?xml version="1.0" encoding="UTF-8"?>
<!-- Generated by org.testng.reporters.JUnitReportReporter -->
<testsuite hostname="E13KOLMR0008" failures="0" tests="1" name="samplemvn.testng_bike.DucatiTest" time="7.362" errors="0" timestamp="2025-06-21T13:42:12 IST" skipped="0">
  <testcase classname="samplemvn.testng_bike.DucatiTest" name="launch" time="7.362">
    <system-out>
      <![CDATA[Ducati launched]]>
    </system-out>
  </testcase> <!-- launch -->
  <system-out>
    <![CDATA[Ducati launched]]>
  </system-out>
</testsuite> <!-- samplemvn.testng_bike.DucatiTest -->
